<?xml version="1.0" encoding="UTF-8"?>
<testsuite name="(empty)"
	tests="59"
	failures="0"
	disabled="0"
	skipped="0"
	hostname=""
	time="0"
	timestamp="2025-04-24T08:08:52"
	>
	<testcase name="manikin_i2c_init returns error on NULL handle" classname="manikin_i2c_init returns error on NULL handle" time="0.00425571" status="run">
		<properties/>
		<system-out>Filters: "manikin_i2c_init returns error on NULL handle"
Randomness seeded to: 2121427896
Critical error occured in file: -1595985462, line_num: 61
===============================================================================
All tests passed (1 assertion in 1 test case)

</system-out>
	</testcase>
	<testcase name="manikin_i2c_init returns error on invalid baudrate" classname="manikin_i2c_init returns error on invalid baudrate" time="0.00251612" status="run">
		<properties/>
		<system-out>Filters: "manikin_i2c_init returns error on invalid baudrate"
Randomness seeded to: 580006330
Non_critical error occured in file: -1595985462, line_num: 63
===============================================================================
All tests passed (3 assertions in 1 test case)

</system-out>
	</testcase>
	<testcase name="manikin_i2c_init returns error when HAL init fails" classname="manikin_i2c_init returns error when HAL init fails" time="0.00315266" status="run">
		<properties/>
		<system-out>Filters: "manikin_i2c_init returns error when HAL init fails"
Randomness seeded to: 3260920049
Non_critical error occured in file: -1595985462, line_num: 66
===============================================================================
All tests passed (3 assertions in 1 test case)

</system-out>
	</testcase>
	<testcase name="manikin_i2c_init succeeds on valid input" classname="manikin_i2c_init succeeds on valid input" time="0.00417912" status="run">
		<properties/>
		<system-out>Filters: "manikin_i2c_init succeeds on valid input"
Randomness seeded to: 744917629
===============================================================================
All tests passed (2 assertions in 1 test case)

</system-out>
	</testcase>
	<testcase name="manikin_i2c_read_reg reads register correctly" classname="manikin_i2c_read_reg reads register correctly" time="0.00251722" status="run">
		<properties/>
		<system-out>Filters: "manikin_i2c_read_reg reads register correctly"
Randomness seeded to: 4012077270
===============================================================================
All tests passed (7 assertions in 1 test case)

</system-out>
	</testcase>
	<testcase name="manikin_i2c_write_reg returns error on NULL handle" classname="manikin_i2c_write_reg returns error on NULL handle" time="0.00227443" status="run">
		<properties/>
		<system-out>Filters: "manikin_i2c_write_reg returns error on NULL handle"
Randomness seeded to: 2643322743
Critical error occured in file: -1595985462, line_num: 85
===============================================================================
All tests passed (1 assertion in 1 test case)

</system-out>
	</testcase>
	<testcase name="manikin_i2c_write_reg sends correct bytes to I2C" classname="manikin_i2c_write_reg sends correct bytes to I2C" time="0.00253476" status="run">
		<properties/>
		<system-out>Filters: "manikin_i2c_write_reg sends correct bytes to I2C"
Randomness seeded to: 4083777312
===============================================================================
All tests passed (6 assertions in 1 test case)

</system-out>
	</testcase>
	<testcase name="manikin_i2c_write_reg16 returns error on NULL handle" classname="manikin_i2c_write_reg16 returns error on NULL handle" time="0.00407075" status="run">
		<properties/>
		<system-out>Filters: "manikin_i2c_write_reg16 returns error on NULL handle"
Randomness seeded to: 520459134
Critical error occured in file: -1595985462, line_num: 103
===============================================================================
All tests passed (1 assertion in 1 test case)

</system-out>
	</testcase>
	<testcase name="manikin_i2c_write_reg16 sends correct bytes to I2C" classname="manikin_i2c_write_reg16 sends correct bytes to I2C" time="0.00241299" status="run">
		<properties/>
		<system-out>Filters: "manikin_i2c_write_reg16 sends correct bytes to I2C"
Randomness seeded to: 546869056
===============================================================================
All tests passed (7 assertions in 1 test case)

</system-out>
	</testcase>
	<testcase name="manikin_i2c_read_reg16 returns correct value from I2C" classname="manikin_i2c_read_reg16 returns correct value from I2C" time="0.00204779" status="run">
		<properties/>
		<system-out>Filters: "manikin_i2c_read_reg16 returns correct value from I2C"
Randomness seeded to: 4188302894
===============================================================================
All tests passed (8 assertions in 1 test case)

</system-out>
	</testcase>
	<testcase name="vl6180x_init_sensor handles null parameter" classname="vl6180x_init_sensor handles null parameter" time="0.00214249" status="run">
		<properties/>
		<system-out>Filters: "vl6180x_init_sensor handles null parameter"
Randomness seeded to: 2800603271
Critical error occured in file: -508552802, line_num: 91
Critical error occured in file: -508552802, line_num: 100
===============================================================================
All tests passed (1 assertion in 1 test case)

</system-out>
	</testcase>
	<testcase name="vl6180x_init_sensor succeeds with valid context" classname="vl6180x_init_sensor succeeds with valid context" time="0.0020849" status="run">
		<properties/>
		<system-out>Filters: "vl6180x_init_sensor succeeds with valid context"
Randomness seeded to: 4029708312
===============================================================================
All tests passed (1 assertion in 1 test case)

</system-out>
	</testcase>
	<testcase name="vl6180x_read_sensor fails with null context" classname="vl6180x_read_sensor fails with null context" time="0.00244418" status="run">
		<properties/>
		<system-out>Filters: "vl6180x_read_sensor fails with null context"
Randomness seeded to: 3731280868
Critical error occured in file: -508552802, line_num: 91
Critical error occured in file: -508552802, line_num: 124
===============================================================================
All tests passed (1 assertion in 1 test case)

</system-out>
	</testcase>
	<testcase name="vl6180x_read_sensor fails with null read buffer" classname="vl6180x_read_sensor fails with null read buffer" time="0.002738" status="run">
		<properties/>
		<system-out>Filters: "vl6180x_read_sensor fails with null read buffer"
Randomness seeded to: 2137534472
Critical error occured in file: -508552802, line_num: 92
Critical error occured in file: -508552802, line_num: 124
===============================================================================
All tests passed (1 assertion in 1 test case)

</system-out>
	</testcase>
	<testcase name="vl6180x_read_sensor reads successfully" classname="vl6180x_read_sensor reads successfully" time="0.00217688" status="run">
		<properties/>
		<system-out>Filters: "vl6180x_read_sensor reads successfully"
Randomness seeded to: 4142938516
===============================================================================
All tests passed (1 assertion in 1 test case)

</system-out>
	</testcase>
	<testcase name="vl6180x_deinit_sensor handles null context" classname="vl6180x_deinit_sensor handles null context" time="0.00219154" status="run">
		<properties/>
		<system-out>Filters: "vl6180x_deinit_sensor handles null context"
Randomness seeded to: 1122175139
Critical error occured in file: -508552802, line_num: 91
Critical error occured in file: -508552802, line_num: 141
===============================================================================
All tests passed (1 assertion in 1 test case)

</system-out>
	</testcase>
	<testcase name="vl6180x_deinit_sensor succeeds with valid context" classname="vl6180x_deinit_sensor succeeds with valid context" time="0.00201442" status="run">
		<properties/>
		<system-out>Filters: "vl6180x_deinit_sensor succeeds with valid context"
Randomness seeded to: 2338168871
===============================================================================
All tests passed (1 assertion in 1 test case)

</system-out>
	</testcase>
	<testcase name="sdp810_init_sensor handles null parameter" classname="sdp810_init_sensor handles null parameter" time="0.00466102" status="run">
		<properties/>
		<system-out>Filters: "sdp810_init_sensor handles null parameter"
Randomness seeded to: 739838371
Critical error occured in file: 1808739383, line_num: 48
Critical error occured in file: 1808739383, line_num: 57
===============================================================================
All tests passed (1 assertion in 1 test case)

</system-out>
	</testcase>
	<testcase name="sdp810_init_sensor succeeds with valid context" classname="sdp810_init_sensor succeeds with valid context" time="0.00250126" status="run">
		<properties/>
		<system-out>Filters: "sdp810_init_sensor succeeds with valid context"
Randomness seeded to: 1815910281
===============================================================================
All tests passed (1 assertion in 1 test case)

</system-out>
	</testcase>
	<testcase name="sdp810_read_sensor fails with null context" classname="sdp810_read_sensor fails with null context" time="0.00206918" status="run">
		<properties/>
		<system-out>Filters: "sdp810_read_sensor fails with null context"
Randomness seeded to: 1859785114
Critical error occured in file: 1808739383, line_num: 74
===============================================================================
All tests passed (1 assertion in 1 test case)

</system-out>
	</testcase>
	<testcase name="sdp810_read_sensor fails with null read buffer" classname="sdp810_read_sensor fails with null read buffer" time="0.00275212" status="run">
		<properties/>
		<system-out>Filters: "sdp810_read_sensor fails with null read buffer"
Randomness seeded to: 2254690120
Critical error occured in file: 1808739383, line_num: 74
===============================================================================
All tests passed (1 assertion in 1 test case)

</system-out>
	</testcase>
	<testcase name="sdp810_read_sensor reads successfully" classname="sdp810_read_sensor reads successfully" time="0.00230364" status="run">
		<properties/>
		<system-out>Filters: "sdp810_read_sensor reads successfully"
Randomness seeded to: 2623340365
===============================================================================
All tests passed (1 assertion in 1 test case)

</system-out>
	</testcase>
	<testcase name="sdp810_deinit_sensor handles null context" classname="sdp810_deinit_sensor handles null context" time="0.0022643" status="run">
		<properties/>
		<system-out>Filters: "sdp810_deinit_sensor handles null context"
Randomness seeded to: 3206384191
Critical error occured in file: 1808739383, line_num: 48
Critical error occured in file: 1808739383, line_num: 95
===============================================================================
All tests passed (1 assertion in 1 test case)

</system-out>
	</testcase>
	<testcase name="sdp810_deinit_sensor succeeds with valid context" classname="sdp810_deinit_sensor succeeds with valid context" time="0.00458613" status="run">
		<properties/>
		<system-out>Filters: "sdp810_deinit_sensor succeeds with valid context"
Randomness seeded to: 868484631
===============================================================================
All tests passed (1 assertion in 1 test case)

</system-out>
	</testcase>
	<testcase name="ads7138_init_sensor handles null parameter" classname="ads7138_init_sensor handles null parameter" time="0.00403681" status="run">
		<properties/>
		<system-out>Filters: "ads7138_init_sensor handles null parameter"
Randomness seeded to: 1266818651
Critical error occured in file: 360658164, line_num: 62
Critical error occured in file: 360658164, line_num: 71
===============================================================================
All tests passed (1 assertion in 1 test case)

</system-out>
	</testcase>
	<testcase name="ads7138_init_sensor succeeds with valid context" classname="ads7138_init_sensor succeeds with valid context" time="0.00353841" status="run">
		<properties/>
		<system-out>Filters: "ads7138_init_sensor succeeds with valid context"
Randomness seeded to: 4280674580
===============================================================================
All tests passed (1 assertion in 1 test case)

</system-out>
	</testcase>
	<testcase name="ads7138_read_sensor fails with null context" classname="ads7138_read_sensor fails with null context" time="0.00473567" status="run">
		<properties/>
		<system-out>Filters: "ads7138_read_sensor fails with null context"
Randomness seeded to: 1615164463
Critical error occured in file: 360658164, line_num: 62
Critical error occured in file: 360658164, line_num: 103
===============================================================================
All tests passed (1 assertion in 1 test case)

</system-out>
	</testcase>
	<testcase name="ads7138_read_sensor fails with null read buffer" classname="ads7138_read_sensor fails with null read buffer" time="0.00436409" status="run">
		<properties/>
		<system-out>Filters: "ads7138_read_sensor fails with null read buffer"
Randomness seeded to: 3365605147
Critical error occured in file: 360658164, line_num: 101
===============================================================================
All tests passed (1 assertion in 1 test case)

</system-out>
	</testcase>
	<testcase name="ads7138_read_sensor reads successfully" classname="ads7138_read_sensor reads successfully" time="0.0041203" status="run">
		<properties/>
		<system-out>Filters: "ads7138_read_sensor reads successfully"
Randomness seeded to: 2307584956
===============================================================================
All tests passed (1 assertion in 1 test case)

</system-out>
	</testcase>
	<testcase name="ads7138_deinit_sensor handles null context" classname="ads7138_deinit_sensor handles null context" time="0.00496174" status="run">
		<properties/>
		<system-out>Filters: "ads7138_deinit_sensor handles null context"
Randomness seeded to: 1733332247
Critical error occured in file: 360658164, line_num: 62
Critical error occured in file: 360658164, line_num: 139
===============================================================================
All tests passed (1 assertion in 1 test case)

</system-out>
	</testcase>
	<testcase name="ads7138_deinit_sensor succeeds with valid context [REQ-F3]" classname="ads7138_deinit_sensor succeeds with valid context [REQ-F3]" time="0.00612062" status="run">
		<properties>
		</properties>
		<message>test</message>

		<system-out>Filters: "ads7138_deinit_sensor succeeds with valid context \[REQ-F3\]"
Randomness seeded to: 465323698
===============================================================================
All tests passed (1 assertion in 1 test case)

</system-out>
	</testcase>
	<testcase name="bmm350_init_sensor handles null parameter" classname="bmm350_init_sensor handles null parameter" time="0.00513342" status="run">
		<properties/>
		<system-out>Filters: "bmm350_init_sensor handles null parameter"
Randomness seeded to: 3792649616
Critical error occured in file: 281670098, line_num: 62
Critical error occured in file: 281670098, line_num: 71
===============================================================================
All tests passed (1 assertion in 1 test case)

</system-out>
	</testcase>
	<testcase name="bmm350_init_sensor succeeds with valid context" classname="bmm350_init_sensor succeeds with valid context" time="0.00470336" status="run">
		<properties/>
		<system-out>Filters: "bmm350_init_sensor succeeds with valid context"
Randomness seeded to: 22945608
===============================================================================
All tests passed (1 assertion in 1 test case)

</system-out>
	</testcase>
	<testcase name="bmm350_read_sensor fails with null context" classname="bmm350_read_sensor fails with null context" time="0.00576326" status="run">
		<properties/>
		<system-out>Filters: "bmm350_read_sensor fails with null context"
Randomness seeded to: 938817045
Critical error occured in file: 281670098, line_num: 62
Critical error occured in file: 281670098, line_num: 91
===============================================================================
All tests passed (1 assertion in 1 test case)

</system-out>
	</testcase>
	<testcase name="bmm350_read_sensor fails with null read buffer" classname="bmm350_read_sensor fails with null read buffer" time="0.00512001" status="run">
		<properties/>
		<system-out>Filters: "bmm350_read_sensor fails with null read buffer"
Randomness seeded to: 1643203238
Critical error occured in file: 281670098, line_num: 89
===============================================================================
All tests passed (1 assertion in 1 test case)

</system-out>
	</testcase>
	<testcase name="bmm350_read_sensor reads successfully" classname="bmm350_read_sensor reads successfully" time="0.00508206" status="run">
		<properties/>
		<system-out>Filters: "bmm350_read_sensor reads successfully"
Randomness seeded to: 895009125
===============================================================================
All tests passed (1 assertion in 1 test case)

</system-out>
	</testcase>
	<testcase name="bmm350_deinit_sensor handles null context" classname="bmm350_deinit_sensor handles null context" time="0.00618455" status="run">
		<properties/>
		<system-out>Filters: "bmm350_deinit_sensor handles null context"
Randomness seeded to: 3677616141
Critical error occured in file: 281670098, line_num: 62
Critical error occured in file: 281670098, line_num: 114
===============================================================================
All tests passed (1 assertion in 1 test case)

</system-out>
	</testcase>
	<testcase name="bmm350_deinit_sensor succeeds with valid context" classname="bmm350_deinit_sensor succeeds with valid context" time="0.00568471" status="run">
		<properties/>
		<system-out>Filters: "bmm350_deinit_sensor succeeds with valid context"
Randomness seeded to: 2423983106
===============================================================================
All tests passed (1 assertion in 1 test case)

</system-out>
	</testcase>
	<testcase name="sample_timer_init" classname="sample_timer_init" time="0.00645233" status="run">
		<properties/>
		<system-out>Filters: "sample_timer_init"
Randomness seeded to: 3184940243
Critical error occured in file: 860301887, line_num: 51
Critical error occured in file: 860301887, line_num: 64
===============================================================================
All tests passed (4 assertions in 1 test case)

</system-out>
	</testcase>
	<testcase name="sample_timer_start" classname="sample_timer_start" time="0.00521159" status="run">
		<properties/>
		<system-out>Filters: "sample_timer_start"
Randomness seeded to: 331018982
Critical error occured in file: 860301887, line_num: 51
Critical error occured in file: 860301887, line_num: 77
===============================================================================
All tests passed (3 assertions in 1 test case)

</system-out>
	</testcase>
	<testcase name="sample_timer_stop" classname="sample_timer_stop" time="0.00490941" status="run">
		<properties/>
		<system-out>Filters: "sample_timer_stop"
Randomness seeded to: 1281903624
Critical error occured in file: 860301887, line_num: 51
Critical error occured in file: 860301887, line_num: 86
===============================================================================
All tests passed (3 assertions in 1 test case)

</system-out>
	</testcase>
	<testcase name="sample_timer_deinit" classname="sample_timer_deinit" time="0.00657434" status="run">
		<properties/>
		<system-out>Filters: "sample_timer_deinit"
Randomness seeded to: 268087311
Critical error occured in file: 860301887, line_num: 51
Critical error occured in file: 860301887, line_num: 95
===============================================================================
All tests passed (4 assertions in 1 test case)

</system-out>
	</testcase>
	<testcase name="sample_timer_start_cb_handler" classname="sample_timer_start_cb_handler" time="0.00524824" status="run">
		<properties/>
		<system-out>Filters: "sample_timer_start_cb_handler"
Randomness seeded to: 2586679857
Critical error occured in file: 860301887, line_num: 233
===============================================================================
All tests passed (2 assertions in 1 test case)

</system-out>
	</testcase>
	<testcase name="sample_timer_end_cb_handler" classname="sample_timer_end_cb_handler" time="0.00471396" status="run">
		<properties/>
		<system-out>Filters: "sample_timer_end_cb_handler"
Randomness seeded to: 4098064513
Critical error occured in file: 860301887, line_num: 233
===============================================================================
All tests passed (37 assertions in 1 test case)

</system-out>
	</testcase>
	<testcase name="spi_init returns error on HAL failure" classname="spi_init returns error on HAL failure" time="0.00609065" status="run">
		<properties/>
		<system-out>Filters: "spi_init returns error on HAL failure"
Randomness seeded to: 466241066
===============================================================================
All tests passed (2 assertions in 1 test case)

</system-out>
	</testcase>
	<testcase name="spi_init succeeds" classname="spi_init succeeds" time="0.00489256" status="run">
		<properties/>
		<system-out>Filters: "spi_init succeeds"
Randomness seeded to: 4100107037
===============================================================================
All tests passed (2 assertions in 1 test case)

</system-out>
	</testcase>
	<testcase name="spi_write writes correct data" classname="spi_write writes correct data" time="0.00462653" status="run">
		<properties/>
		<system-out>Filters: "spi_write writes correct data"
Randomness seeded to: 2999861452
===============================================================================
All tests passed (5 assertions in 1 test case)

</system-out>
	</testcase>
	<testcase name="spi_read reads correct data" classname="spi_read reads correct data" time="0.0058109" status="run">
		<properties/>
		<system-out>Filters: "spi_read reads correct data"
Randomness seeded to: 1504963336
===============================================================================
All tests passed (5 assertions in 1 test case)

</system-out>
	</testcase>
	<testcase name="spi_start_transaction sets CS low" classname="spi_start_transaction sets CS low" time="0.00521875" status="run">
		<properties/>
		<system-out>Filters: "spi_start_transaction sets CS low"
Randomness seeded to: 2084555918
===============================================================================
All tests passed (2 assertions in 1 test case)

</system-out>
	</testcase>
	<testcase name="spi_end_transaction sets CS high" classname="spi_end_transaction sets CS high" time="0.00593585" status="run">
		<properties/>
		<system-out>Filters: "spi_end_transaction sets CS high"
Randomness seeded to: 1315856466
===============================================================================
All tests passed (2 assertions in 1 test case)

</system-out>
	</testcase>
	<testcase name="spi_deinit returns correct status" classname="spi_deinit returns correct status" time="0.00658283" status="run">
		<properties/>
		<system-out>Filters: "spi_deinit returns correct status"
Randomness seeded to: 3623534958
===============================================================================
All tests passed (2 assertions in 1 test case)

</system-out>
	</testcase>
	<testcase name="w25qxx_init returns correct status" classname="w25qxx_init returns correct status" time="0.00536889" status="run">
		<properties/>
		<system-out>Filters: "w25qxx_init returns correct status"
Randomness seeded to: 3763395452
===============================================================================
All tests passed (6 assertions in 1 test case)

</system-out>
	</testcase>
	<testcase name="w25qxx_status correctly checks for chip presence" classname="w25qxx_status correctly checks for chip presence" time="0.00702534" status="run">
		<properties/>
		<system-out>Filters: "w25qxx_status correctly checks for chip presence"
Randomness seeded to: 7687413
===============================================================================
All tests passed (4 assertions in 1 test case)

</system-out>
	</testcase>
	<testcase name="w25qxx_write writes data to the memory chip" classname="w25qxx_write writes data to the memory chip" time="0.00546156" status="run">
		<properties/>
		<system-out>Filters: "w25qxx_write writes data to the memory chip"
Randomness seeded to: 1532268170
===============================================================================
All tests passed (11 assertions in 1 test case)

</system-out>
	</testcase>
	<testcase name="w25qxx_read reads data from the memory chip" classname="w25qxx_read reads data from the memory chip" time="0.00564941" status="run">
		<properties/>
		<system-out>Filters: "w25qxx_read reads data from the memory chip"
Randomness seeded to: 2463458522
===============================================================================
All tests passed (12 assertions in 1 test case)

</system-out>
	</testcase>
	<testcase name="w25qxx_init handles SPI timeout correctly" classname="w25qxx_init handles SPI timeout correctly" time="0.00607402" status="run">
		<properties/>
		<system-out>Filters: "w25qxx_init handles SPI timeout correctly"
Randomness seeded to: 551901213
Non_critical error occured in file: -1369573146, line_num: 51
Critical error occured in file: -1369573146, line_num: 63
===============================================================================
All tests passed (3 assertions in 1 test case)

</system-out>
	</testcase>
	<testcase name="w25qxx_status handles invalid JEDEC ID correctly" classname="w25qxx_status handles invalid JEDEC ID correctly" time="0.00561726" status="run">
		<properties/>
		<system-out>Filters: "w25qxx_status handles invalid JEDEC ID correctly"
Randomness seeded to: 927547559
Non_critical error occured in file: -1369573146, line_num: 51
===============================================================================
All tests passed (3 assertions in 1 test case)

</system-out>
	</testcase>
	<testcase name="w25qxx_write handles SPI write timeout" classname="w25qxx_write handles SPI write timeout" time="0.00675052" status="run">
		<properties/>
		<system-out>Filters: "w25qxx_write handles SPI write timeout"
Randomness seeded to: 1776484261
Non_critical error occured in file: -1369573146, line_num: 121
===============================================================================
All tests passed (2 assertions in 1 test case)

</system-out>
	</testcase>
	<testcase name="w25qxx_write handles invalid data during write" classname="w25qxx_write handles invalid data during write" time="0.00567349" status="run">
		<properties/>
		<system-out>Filters: "w25qxx_write handles invalid data during write"
Randomness seeded to: 156785137
Critical error occured in file: -1369573146, line_num: 132
===============================================================================
All tests passed (2 assertions in 1 test case)

</system-out>
	</testcase>
</testsuite>
